<?xml version="1.0" encoding="UTF-8"?>
<!-- Generated by org.testng.reporters.JUnitReportReporter -->
<testsuite hostname="Sanju" failures="0" tests="3" name="Module1_Login_Test.SwagLabLoginTest1" time="37.222" errors="0" timestamp="2022-12-28T08:39:08 IST" skipped="0">
  <testcase classname="Module1_Login_Test.SwagLabLoginTest1" name="verifyLogo" time="10.587"/>
  <system-out/>
  <testcase classname="Module1_Login_Test.SwagLabLoginTest1" name="verifyAddToCartOptionCovertToRemove" time="12.833"/>
  <system-out/>
  <testcase classname="Module1_Login_Test.SwagLabLoginTest1" name="verifyProductAddedToCart" time="13.802"/>
  <system-out/>
</testsuite> <!-- Module1_Login_Test.SwagLabLoginTest1 -->
