<?xml version="1.0" encoding="UTF-8"?>
<!-- Generated by org.testng.reporters.JUnitReportReporter -->
<testsuite hostname="DESKTOP-KIS4N2E" failures="0" tests="1" name="testNgStudy.Testing2" time="3.787" errors="0" timestamp="2023-05-02T19:24:23 IST" skipped="0">
  <testcase classname="testNgStudy.Testing2" name="openNaukri" time="3.787"/>
  <system-out/>
</testsuite> <!-- testNgStudy.Testing2 -->
