<?xml version="1.0" encoding="UTF-8"?>
<!-- Generated by org.testng.reporters.JUnitReportReporter -->
<testsuite hostname="DESKTOP-KIS4N2E" failures="0" tests="1" name="pom.NEO4567_ValidateUserName" time="7.686" errors="0" timestamp="2023-05-05T19:57:01 IST" skipped="0">
  <testcase classname="pom.NEO4567_ValidateUserName" name="validateUserName" time="7.686"/>
  <system-out>
    <![CDATA[getting actual user name
Reading data from property file un]]>
  </system-out>
</testsuite> <!-- pom.NEO4567_ValidateUserName -->
