<?xml version="1.0" encoding="UTF-8"?>
<!-- Generated by org.testng.reporters.JUnitReportReporter -->
<testsuite hostname="DESKTOP-KIS4N2E" failures="0" tests="1" name="testNgStudy.TimeOutEnabled" time="0.911" errors="0" timestamp="2023-05-02T19:12:02 IST" skipped="0">
  <testcase classname="testNgStudy.TimeOutEnabled" name="bookBus" time="0.911"/>
  <system-out>
    <![CDATA[Booking a bus ticket]]>
  </system-out>
</testsuite> <!-- testNgStudy.TimeOutEnabled -->
