<?xml version="1.0" encoding="UTF-8"?>
<!-- Generated by org.testng.reporters.JUnitReportReporter -->
<testsuite hostname="DESKTOP-KIS4N2E" failures="0" tests="2" name="basics.FbSignUP" time="9.619" errors="0" timestamp="2023-05-02T17:53:23 IST" skipped="0">
  <testcase classname="basics.FbSignUP" name="fbLogin" time="7.400"/>
  <system-out/>
  <testcase classname="basics.FbSignUP" name="fbLogin" time="2.219"/>
  <system-out/>
</testsuite> <!-- basics.FbSignUP -->
