<?xml version="1.0" encoding="UTF-8"?>
<!-- Generated by org.testng.reporters.JUnitReportReporter -->
<testsuite hostname="DESKTOP-KIS4N2E" failures="0" tests="2" name="testNgStudy.NewTest" time="0.010" errors="0" timestamp="2023-05-01T19:25:33 IST" skipped="0">
  <testcase classname="testNgStudy.NewTest" name="z" time="0.001"/>
  <system-out>
    <![CDATA[Test z is running]]>
  </system-out>
  <testcase classname="testNgStudy.NewTest" name="Z" time="0.009"/>
  <system-out>
    <![CDATA[Test Z is running]]>
  </system-out>
</testsuite> <!-- testNgStudy.NewTest -->
