<?xml version="1.0" encoding="UTF-8"?>
<!-- Generated by org.testng.reporters.JUnitReportReporter -->
<testsuite hostname="DESKTOP-KIS4N2E" failures="0" tests="2" name="testNgStudy.TestingXML1" time="0.002" errors="0" timestamp="2023-05-01T20:06:27 IST" skipped="0">
  <testcase classname="testNgStudy.TestingXML1" name="c" time="0.001"/>
  <system-out>
    <![CDATA[c is running]]>
  </system-out>
  <testcase classname="testNgStudy.TestingXML1" name="a" time="0.001"/>
  <system-out>
    <![CDATA[a is running]]>
  </system-out>
</testsuite> <!-- testNgStudy.TestingXML1 -->
