<?xml version="1.0" encoding="UTF-8"?>
<!-- Generated by org.testng.reporters.JUnitReportReporter -->
<testsuite hostname="DESKTOP-KIS4N2E" failures="0" tests="6" name="testNgStudy.InvocationAndPriority" time="0.014" errors="0" timestamp="2023-05-01T19:24:35 IST" skipped="0">
  <testcase classname="testNgStudy.InvocationAndPriority" name="z" time="0.010"/>
  <system-out>
    <![CDATA[z is running]]>
  </system-out>
  <testcase classname="testNgStudy.InvocationAndPriority" name="b" time="0.001"/>
  <system-out>
    <![CDATA[b is running]]>
  </system-out>
  <testcase classname="testNgStudy.InvocationAndPriority" name="X" time="0.000"/>
  <system-out>
    <![CDATA[X is running]]>
  </system-out>
  <testcase classname="testNgStudy.InvocationAndPriority" name="x" time="0.001"/>
  <system-out>
    <![CDATA[x is running]]>
  </system-out>
  <testcase classname="testNgStudy.InvocationAndPriority" name="c" time="0.001"/>
  <system-out>
    <![CDATA[c is running]]>
  </system-out>
  <testcase classname="testNgStudy.InvocationAndPriority" name="a" time="0.001"/>
  <system-out>
    <![CDATA[a is running]]>
  </system-out>
</testsuite> <!-- testNgStudy.InvocationAndPriority -->
