<?xml version="1.0" encoding="UTF-8"?>
<!-- Generated by org.testng.reporters.JUnitReportReporter -->
<testsuite hostname="DESKTOP-KIS4N2E" failures="0" tests="1" name="testNgStudy.MyClass" time="0.010" errors="0" timestamp="2023-04-30T19:38:36 IST" skipped="0">
  <testcase classname="testNgStudy.MyClass" name="myTest" time="0.010"/>
  <system-out>
    <![CDATA[Good evening-->reporter w/o boolean con
Good evening-->reporter with boolean con]]>
  </system-out>
</testsuite> <!-- testNgStudy.MyClass -->
