<?xml version="1.0" encoding="UTF-8"?>
<!-- Generated by org.testng.reporters.JUnitReportReporter -->
<testsuite hostname="DESKTOP-KIS4N2E" failures="0" tests="1" name="testNgStudy.Testing1" time="4.032" errors="0" timestamp="2023-05-02T19:24:23 IST" skipped="0">
  <testcase classname="testNgStudy.Testing1" name="openPaytm" time="4.032"/>
  <system-out/>
</testsuite> <!-- testNgStudy.Testing1 -->
