<?xml version="1.0" encoding="UTF-8"?>
<!-- Generated by org.testng.reporters.JUnitReportReporter -->
<testsuite hostname="DESKTOP-KIS4N2E" failures="0" tests="2" name="testNgStudy.FBLoginparameter" time="6.092" errors="0" timestamp="2023-05-02T20:05:26 IST" skipped="0">
  <testcase classname="testNgStudy.FBLoginparameter" name="fb" time="4.004"/>
  <system-out/>
  <testcase classname="testNgStudy.FBLoginparameter" name="fb" time="2.088"/>
  <system-out/>
</testsuite> <!-- testNgStudy.FBLoginparameter -->
