<?xml version="1.0" encoding="UTF-8"?>
<!-- Generated by org.testng.reporters.JUnitReportReporter -->
<testsuite hostname="DESKTOP-KIS4N2E" failures="0" tests="1" name="testNgStudy.AnnotationsStudy" time="0.005" errors="0" timestamp="2023-04-30T20:03:03 IST" skipped="0">
  <testcase classname="testNgStudy.AnnotationsStudy" name="myTest" time="0.005"/>
  <system-out>
    <![CDATA[My Test is running]]>
  </system-out>
</testsuite> <!-- testNgStudy.AnnotationsStudy -->
