<?xml version="1.0" encoding="UTF-8"?>
<!-- Generated by org.testng.reporters.JUnitReportReporter -->
<testsuite hostname="DESKTOP-KIS4N2E" failures="0" tests="1" name="pom.NEO7890_ValidateUserName" time="14.157" errors="0" timestamp="2023-05-03T20:31:52 IST" skipped="0">
  <testcase classname="pom.NEO7890_ValidateUserName" name="validaeUserName" time="14.157"/>
  <system-out>
    <![CDATA[reading data from excel
received data Hi Shubhangi Mule
getting actual user name]]>
  </system-out>
</testsuite> <!-- pom.NEO7890_ValidateUserName -->
