<?xml version="1.0" encoding="UTF-8"?>
<!-- Generated by org.testng.reporters.JUnitReportReporter -->
<testsuite hostname="DESKTOP-KIS4N2E" failures="0" tests="3" name="testNgStudy.FbLogin" time="9.915" errors="0" timestamp="2023-05-02T20:07:09 IST" skipped="0">
  <testcase classname="testNgStudy.FbLogin" name="fb" time="3.308"/>
  <system-out/>
  <testcase classname="testNgStudy.FbLogin" name="fb" time="2.112"/>
  <system-out/>
  <testcase classname="testNgStudy.FbLogin" name="fb" time="4.495"/>
  <system-out/>
</testsuite> <!-- testNgStudy.FbLogin -->
