<?xml version="1.0" encoding="UTF-8"?>
<!-- Generated by org.testng.reporters.JUnitReportReporter -->
<testsuite hostname="DESKTOP-KIS4N2E" failures="0" tests="2" name="testNgStudy.TestingXML2" time="0.006" errors="0" timestamp="2023-05-01T20:06:28 IST" skipped="0">
  <testcase classname="testNgStudy.TestingXML2" name="d" time="0.006"/>
  <system-out>
    <![CDATA[d is running]]>
  </system-out>
  <testcase classname="testNgStudy.TestingXML2" name="f" time="0.000"/>
  <system-out>
    <![CDATA[f is running]]>
  </system-out>
</testsuite> <!-- testNgStudy.TestingXML2 -->
